<?xml version="1.0" encoding="UTF-8"?>
<!-- Generated by org.testng.reporters.JUnitXMLReporter -->
<testsuite hostname="DELLInspiron15" ignored="0" name="Test" tests="5" failures="1" timestamp="2020-10-07T23:06:58 IST" time="37.127" errors="0">
  <testcase name="BaseIntialization" time="7.626" classname="Academymmk.MavenTest.HomePage"/>
  <testcase name="BaseIntialization" time="3.558" classname="Academymmk.MavenTest.HomePage"/>
  <testcase name="check" time="0.0" classname="Academymmk.MavenTest.Demo"/>
  <testcase name="BaseIntialization" time="0.085" classname="Academymmk.MavenTest.Validator">
    <failure type="java.lang.AssertionError" message="expected [Featured Courses] but found [FEATURED COURSES]">
      <![CDATA[java.lang.AssertionError: expected [Featured Courses] but found [FEATURED COURSES]
at Academymmk.MavenTest.Validator.BaseIntialization(Validator.java:27)
at java.util.ArrayList.forEach(ArrayList.java:1259)
... Removed 37 stack frames]]>
    </failure>
  </testcase> <!-- BaseIntialization -->
  <testcase name="BaseIntialization" time="0.22" classname="Academymmk.MavenTest.URL"/>
</testsuite> <!-- Test -->
