<?xml version="1.0" encoding="UTF-8"?>
<testng-results skipped="0" failed="1" ignored="0" total="5" passed="4">
  <reporter-output>
  </reporter-output>
  <suite name="Suite" duration-ms="39983" started-at="2020-10-13T22:40:40 IST" finished-at="2020-10-13T22:41:20 IST">
    <groups>
    </groups>
    <test name="HomePage" duration-ms="23560" started-at="2020-10-13T22:40:40 IST" finished-at="2020-10-13T22:41:03 IST">
      <class name="Academymmk.MavenTest.HomePage">
        <test-method status="PASS" signature="intialise()[pri:0, instance:Academymmk.MavenTest.HomePage@335eadca]" name="intialise" is-config="true" duration-ms="13014" started-at="2020-10-13T22:40:40 IST" finished-at="2020-10-13T22:40:53 IST">
          <reporter-output>
          </reporter-output>
        </test-method> <!-- intialise -->
        <test-method status="PASS" signature="BaseIntialization(java.lang.String, java.lang.String, java.lang.String)[pri:0, instance:Academymmk.MavenTest.HomePage@335eadca]" name="BaseIntialization" duration-ms="6899" started-at="2020-10-13T22:40:53 IST" data-provider="getdata" finished-at="2020-10-13T22:41:00 IST">
          <params>
            <param index="0">
              <value>
                <![CDATA[Non restrictedUser@dataprovider.com]]>
              </value>
            </param>
            <param index="1">
              <value>
                <![CDATA[12345]]>
              </value>
            </param>
            <param index="2">
              <value>
                <![CDATA[Non Restricted Users]]>
              </value>
            </param>
          </params>
          <reporter-output>
          </reporter-output>
        </test-method> <!-- BaseIntialization -->
        <test-method status="PASS" signature="BaseIntialization(java.lang.String, java.lang.String, java.lang.String)[pri:0, instance:Academymmk.MavenTest.HomePage@335eadca]" name="BaseIntialization" duration-ms="2962" started-at="2020-10-13T22:41:00 IST" data-provider="getdata" finished-at="2020-10-13T22:41:03 IST">
          <params>
            <param index="0">
              <value>
                <![CDATA[restrictedUser@dataprovider.com]]>
              </value>
            </param>
            <param index="1">
              <value>
                <![CDATA[123456]]>
              </value>
            </param>
            <param index="2">
              <value>
                <![CDATA[Restricted User]]>
              </value>
            </param>
          </params>
          <reporter-output>
          </reporter-output>
        </test-method> <!-- BaseIntialization -->
        <test-method status="PASS" signature="Close()[pri:0, instance:Academymmk.MavenTest.HomePage@335eadca]" name="Close" is-config="true" duration-ms="575" started-at="2020-10-13T22:41:03 IST" finished-at="2020-10-13T22:41:03 IST">
          <reporter-output>
          </reporter-output>
        </test-method> <!-- Close -->
      </class> <!-- Academymmk.MavenTest.HomePage -->
    </test> <!-- HomePage -->
    <test name="Demo" duration-ms="2" started-at="2020-10-13T22:41:03 IST" finished-at="2020-10-13T22:41:03 IST">
      <class name="Academymmk.MavenTest.Demo">
        <test-method status="PASS" signature="check()[pri:0, instance:Academymmk.MavenTest.Demo@35d176f7]" name="check" duration-ms="0" started-at="2020-10-13T22:41:03 IST" finished-at="2020-10-13T22:41:03 IST">
          <reporter-output>
          </reporter-output>
        </test-method> <!-- check -->
      </class> <!-- Academymmk.MavenTest.Demo -->
    </test> <!-- Demo -->
    <test name="Apptest" duration-ms="0" started-at="2020-10-13T22:41:03 IST" finished-at="2020-10-13T22:41:03 IST">
    </test> <!-- Apptest -->
    <test name="Validator" duration-ms="8597" started-at="2020-10-13T22:41:03 IST" finished-at="2020-10-13T22:41:12 IST">
      <class name="Academymmk.MavenTest.Validator">
        <test-method status="PASS" signature="intialise()[pri:0, instance:Academymmk.MavenTest.Validator@6193932a]" name="intialise" is-config="true" duration-ms="6586" started-at="2020-10-13T22:41:03 IST" finished-at="2020-10-13T22:41:10 IST">
          <reporter-output>
          </reporter-output>
        </test-method> <!-- intialise -->
        <test-method status="FAIL" signature="BaseIntialization()[pri:0, instance:Academymmk.MavenTest.Validator@6193932a]" name="BaseIntialization" duration-ms="177" started-at="2020-10-13T22:41:10 IST" finished-at="2020-10-13T22:41:10 IST">
          <exception class="java.lang.AssertionError">
            <message>
              <![CDATA[expected [Featured Courses] but found [FEATURED COURSES]]]>
            </message>
            <full-stacktrace>
              <![CDATA[java.lang.AssertionError: expected [Featured Courses] but found [FEATURED COURSES]
at org.testng.Assert.fail(Assert.java:99)
at org.testng.Assert.failNotEquals(Assert.java:1037)
at org.testng.Assert.assertEqualsImpl(Assert.java:140)
at org.testng.Assert.assertEquals(Assert.java:122)
at org.testng.Assert.assertEquals(Assert.java:629)
at org.testng.Assert.assertEquals(Assert.java:639)
at Academymmk.MavenTest.Validator.BaseIntialization(Validator.java:27)
at sun.reflect.NativeMethodAccessorImpl.invoke0(Native Method)
at sun.reflect.NativeMethodAccessorImpl.invoke(NativeMethodAccessorImpl.java:62)
at sun.reflect.DelegatingMethodAccessorImpl.invoke(DelegatingMethodAccessorImpl.java:43)
at java.lang.reflect.Method.invoke(Method.java:498)
at org.testng.internal.MethodInvocationHelper.invokeMethod(MethodInvocationHelper.java:132)
at org.testng.internal.TestInvoker.invokeMethod(TestInvoker.java:599)
at org.testng.internal.TestInvoker.invokeTestMethod(TestInvoker.java:174)
at org.testng.internal.MethodRunner.runInSequence(MethodRunner.java:46)
at org.testng.internal.TestInvoker$MethodInvocationAgent.invoke(TestInvoker.java:822)
at org.testng.internal.TestInvoker.invokeTestMethods(TestInvoker.java:147)
at org.testng.internal.TestMethodWorker.invokeTestMethods(TestMethodWorker.java:146)
at org.testng.internal.TestMethodWorker.run(TestMethodWorker.java:128)
at java.util.ArrayList.forEach(ArrayList.java:1259)
at org.testng.TestRunner.privateRun(TestRunner.java:764)
at org.testng.TestRunner.run(TestRunner.java:585)
at org.testng.SuiteRunner.runTest(SuiteRunner.java:384)
at org.testng.SuiteRunner.runSequentially(SuiteRunner.java:378)
at org.testng.SuiteRunner.privateRun(SuiteRunner.java:337)
at org.testng.SuiteRunner.run(SuiteRunner.java:286)
at org.testng.SuiteRunnerWorker.runSuite(SuiteRunnerWorker.java:53)
at org.testng.SuiteRunnerWorker.run(SuiteRunnerWorker.java:96)
at org.testng.TestNG.runSuitesSequentially(TestNG.java:1218)
at org.testng.TestNG.runSuitesLocally(TestNG.java:1140)
at org.testng.TestNG.runSuites(TestNG.java:1069)
at org.testng.TestNG.run(TestNG.java:1037)
at org.apache.maven.surefire.testng.TestNGExecutor.run(TestNGExecutor.java:284)
at org.apache.maven.surefire.testng.TestNGXmlTestSuite.execute(TestNGXmlTestSuite.java:75)
at org.apache.maven.surefire.testng.TestNGProvider.invoke(TestNGProvider.java:119)
at org.apache.maven.surefire.booter.ForkedBooter.runSuitesInProcess(ForkedBooter.java:428)
at org.apache.maven.surefire.booter.ForkedBooter.execute(ForkedBooter.java:162)
at org.apache.maven.surefire.booter.ForkedBooter.run(ForkedBooter.java:562)
at org.apache.maven.surefire.booter.ForkedBooter.main(ForkedBooter.java:548)
]]>
            </full-stacktrace>
          </exception> <!-- java.lang.AssertionError -->
          <reporter-output>
          </reporter-output>
        </test-method> <!-- BaseIntialization -->
        <test-method status="PASS" signature="Close()[pri:0, instance:Academymmk.MavenTest.Validator@6193932a]" name="Close" is-config="true" duration-ms="592" started-at="2020-10-13T22:41:11 IST" finished-at="2020-10-13T22:41:12 IST">
          <reporter-output>
          </reporter-output>
        </test-method> <!-- Close -->
      </class> <!-- Academymmk.MavenTest.Validator -->
    </test> <!-- Validator -->
    <test name="URL" duration-ms="7656" started-at="2020-10-13T22:41:12 IST" finished-at="2020-10-13T22:41:20 IST">
      <class name="Academymmk.MavenTest.URL">
        <test-method status="PASS" signature="intialise()[pri:0, instance:Academymmk.MavenTest.URL@298a5e20]" name="intialise" is-config="true" duration-ms="7090" started-at="2020-10-13T22:41:12 IST" finished-at="2020-10-13T22:41:19 IST">
          <reporter-output>
          </reporter-output>
        </test-method> <!-- intialise -->
        <test-method status="PASS" signature="BaseIntialization()[pri:0, instance:Academymmk.MavenTest.URL@298a5e20]" name="BaseIntialization" duration-ms="225" started-at="2020-10-13T22:41:19 IST" finished-at="2020-10-13T22:41:19 IST">
          <reporter-output>
          </reporter-output>
        </test-method> <!-- BaseIntialization -->
        <test-method status="PASS" signature="Close()[pri:0, instance:Academymmk.MavenTest.URL@298a5e20]" name="Close" is-config="true" duration-ms="340" started-at="2020-10-13T22:41:19 IST" finished-at="2020-10-13T22:41:20 IST">
          <reporter-output>
          </reporter-output>
        </test-method> <!-- Close -->
      </class> <!-- Academymmk.MavenTest.URL -->
    </test> <!-- URL -->
  </suite> <!-- Suite -->
</testng-results>
