<?xml version="1.0" encoding="UTF-8"?>
<testng-results ignored="0" total="5" passed="4" failed="1" skipped="0">
  <reporter-output>
  </reporter-output>
  <suite started-at="2020-10-07T17:49:45Z" name="Suite" finished-at="2020-10-07T17:50:14Z" duration-ms="29352">
    <groups>
    </groups>
    <test started-at="2020-10-07T17:49:45Z" name="HomePage" finished-at="2020-10-07T17:49:58Z" duration-ms="13770">
      <class name="Academymmk.MavenTest.HomePage">
        <test-method is-config="true" signature="intialise()[pri:0, instance:Academymmk.MavenTest.HomePage@5c7933ad]" started-at="2020-10-07T23:19:45Z" name="intialise" finished-at="2020-10-07T23:19:50Z" duration-ms="5564" status="PASS">
          <reporter-output>
          </reporter-output>
        </test-method> <!-- intialise -->
        <test-method signature="BaseIntialization(java.lang.String, java.lang.String, java.lang.String)[pri:0, instance:Academymmk.MavenTest.HomePage@5c7933ad]" started-at="2020-10-07T23:19:50Z" name="BaseIntialization" data-provider="getdata" finished-at="2020-10-07T23:19:55Z" duration-ms="4599" status="PASS">
          <params>
            <param index="0">
              <value>
                <![CDATA[Non restrictedUser@dataprovider.com]]>
              </value>
            </param>
            <param index="1">
              <value>
                <![CDATA[12345]]>
              </value>
            </param>
            <param index="2">
              <value>
                <![CDATA[Non Restricted Users]]>
              </value>
            </param>
          </params>
          <reporter-output>
          </reporter-output>
        </test-method> <!-- BaseIntialization -->
        <test-method signature="BaseIntialization(java.lang.String, java.lang.String, java.lang.String)[pri:0, instance:Academymmk.MavenTest.HomePage@5c7933ad]" started-at="2020-10-07T23:19:55Z" name="BaseIntialization" data-provider="getdata" finished-at="2020-10-07T23:19:58Z" duration-ms="2842" status="PASS">
          <params>
            <param index="0">
              <value>
                <![CDATA[restrictedUser@dataprovider.com]]>
              </value>
            </param>
            <param index="1">
              <value>
                <![CDATA[123456]]>
              </value>
            </param>
            <param index="2">
              <value>
                <![CDATA[Restricted User]]>
              </value>
            </param>
          </params>
          <reporter-output>
          </reporter-output>
        </test-method> <!-- BaseIntialization -->
        <test-method is-config="true" signature="Close()[pri:0, instance:Academymmk.MavenTest.HomePage@5c7933ad]" started-at="2020-10-07T23:19:58Z" name="Close" finished-at="2020-10-07T23:19:58Z" duration-ms="726" status="PASS">
          <reporter-output>
          </reporter-output>
        </test-method> <!-- Close -->
      </class> <!-- Academymmk.MavenTest.HomePage -->
    </test> <!-- HomePage -->
    <test started-at="2020-10-07T17:49:59Z" name="Demo" finished-at="2020-10-07T17:49:59Z" duration-ms="6">
      <class name="Academymmk.MavenTest.Demo">
        <test-method signature="check()[pri:0, instance:Academymmk.MavenTest.Demo@23f5b5dc]" started-at="2020-10-07T23:19:59Z" name="check" finished-at="2020-10-07T23:19:59Z" duration-ms="2" status="PASS">
          <reporter-output>
          </reporter-output>
        </test-method> <!-- check -->
      </class> <!-- Academymmk.MavenTest.Demo -->
    </test> <!-- Demo -->
    <test started-at="2020-10-07T17:49:59Z" name="Apptest" finished-at="2020-10-07T17:49:59Z" duration-ms="1">
    </test> <!-- Apptest -->
    <test started-at="2020-10-07T17:49:59Z" name="Validator" finished-at="2020-10-07T17:50:06Z" duration-ms="7447">
      <class name="Academymmk.MavenTest.Validator">
        <test-method is-config="true" signature="intialise()[pri:0, instance:Academymmk.MavenTest.Validator@3c9c0d96]" started-at="2020-10-07T23:19:59Z" name="intialise" finished-at="2020-10-07T23:20:05Z" duration-ms="6738" status="PASS">
          <reporter-output>
          </reporter-output>
        </test-method> <!-- intialise -->
        <test-method signature="BaseIntialization()[pri:0, instance:Academymmk.MavenTest.Validator@3c9c0d96]" started-at="2020-10-07T23:20:05Z" name="BaseIntialization" finished-at="2020-10-07T23:20:05Z" duration-ms="72" status="FAIL">
          <exception class="java.lang.AssertionError">
            <message>
              <![CDATA[expected [Featured Courses] but found [FEATURED COURSES]]]>
            </message>
            <full-stacktrace>
              <![CDATA[java.lang.AssertionError: expected [Featured Courses] but found [FEATURED COURSES]
	at org.testng.Assert.fail(Assert.java:93)
	at org.testng.Assert.failNotEquals(Assert.java:512)
	at org.testng.Assert.assertEqualsImpl(Assert.java:134)
	at org.testng.Assert.assertEquals(Assert.java:115)
	at org.testng.Assert.assertEquals(Assert.java:189)
	at org.testng.Assert.assertEquals(Assert.java:199)
	at Academymmk.MavenTest.Validator.BaseIntialization(Validator.java:27)
	at java.base/jdk.internal.reflect.NativeMethodAccessorImpl.invoke0(Native Method)
	at java.base/jdk.internal.reflect.NativeMethodAccessorImpl.invoke(NativeMethodAccessorImpl.java:62)
	at java.base/jdk.internal.reflect.DelegatingMethodAccessorImpl.invoke(DelegatingMethodAccessorImpl.java:43)
	at java.base/java.lang.reflect.Method.invoke(Method.java:564)
	at org.testng.internal.MethodInvocationHelper.invokeMethod(MethodInvocationHelper.java:108)
	at org.testng.internal.Invoker.invokeMethod(Invoker.java:661)
	at org.testng.internal.Invoker.invokeTestMethod(Invoker.java:869)
	at org.testng.internal.Invoker.invokeTestMethods(Invoker.java:1193)
	at org.testng.internal.TestMethodWorker.invokeTestMethods(TestMethodWorker.java:126)
	at org.testng.internal.TestMethodWorker.run(TestMethodWorker.java:109)
	at org.testng.TestRunner.privateRun(TestRunner.java:744)
	at org.testng.TestRunner.run(TestRunner.java:602)
	at org.testng.SuiteRunner.runTest(SuiteRunner.java:380)
	at org.testng.SuiteRunner.runSequentially(SuiteRunner.java:375)
	at org.testng.SuiteRunner.privateRun(SuiteRunner.java:340)
	at org.testng.SuiteRunner.run(SuiteRunner.java:289)
	at org.testng.SuiteRunnerWorker.runSuite(SuiteRunnerWorker.java:52)
	at org.testng.SuiteRunnerWorker.run(SuiteRunnerWorker.java:86)
	at org.testng.TestNG.runSuitesSequentially(TestNG.java:1301)
	at org.testng.TestNG.runSuitesLocally(TestNG.java:1226)
	at org.testng.TestNG.runSuites(TestNG.java:1144)
	at org.testng.TestNG.run(TestNG.java:1115)
	at org.testng.remote.AbstractRemoteTestNG.run(AbstractRemoteTestNG.java:132)
	at org.testng.remote.RemoteTestNG.initAndRun(RemoteTestNG.java:230)
	at org.testng.remote.RemoteTestNG.main(RemoteTestNG.java:76)
]]>
            </full-stacktrace>
          </exception> <!-- java.lang.AssertionError -->
          <reporter-output>
          </reporter-output>
        </test-method> <!-- BaseIntialization -->
        <test-method is-config="true" signature="Close()[pri:0, instance:Academymmk.MavenTest.Validator@3c9c0d96]" started-at="2020-10-07T23:20:05Z" name="Close" finished-at="2020-10-07T23:20:06Z" duration-ms="596" status="PASS">
          <reporter-output>
          </reporter-output>
        </test-method> <!-- Close -->
      </class> <!-- Academymmk.MavenTest.Validator -->
    </test> <!-- Validator -->
    <test started-at="2020-10-07T17:50:06Z" name="URL" finished-at="2020-10-07T17:50:14Z" duration-ms="7966">
      <class name="Academymmk.MavenTest.URL">
        <test-method is-config="true" signature="intialise()[pri:0, instance:Academymmk.MavenTest.URL@2f40a43]" started-at="2020-10-07T23:20:06Z" name="intialise" finished-at="2020-10-07T23:20:13Z" duration-ms="7346" status="PASS">
          <reporter-output>
          </reporter-output>
        </test-method> <!-- intialise -->
        <test-method signature="BaseIntialization()[pri:0, instance:Academymmk.MavenTest.URL@2f40a43]" started-at="2020-10-07T23:20:13Z" name="BaseIntialization" finished-at="2020-10-07T23:20:14Z" duration-ms="139" status="PASS">
          <reporter-output>
          </reporter-output>
        </test-method> <!-- BaseIntialization -->
        <test-method is-config="true" signature="Close()[pri:0, instance:Academymmk.MavenTest.URL@2f40a43]" started-at="2020-10-07T23:20:14Z" name="Close" finished-at="2020-10-07T23:20:14Z" duration-ms="476" status="PASS">
          <reporter-output>
          </reporter-output>
        </test-method> <!-- Close -->
      </class> <!-- Academymmk.MavenTest.URL -->
    </test> <!-- URL -->
  </suite> <!-- Suite -->
</testng-results>
